<?xml version="1.0" encoding="UTF-8"?><testsuite errors="0" failures="0" name="com.bestbuy.crudtest.ProductCRUDTest" skipped="0" tests="3" time="39.02" timestamp="2020-05-30T11:07:31.897+01:00[Europe/London]"><testcase classname="com.bestbuy.crudtest.ProductCRUDTest" name="This test will create a new product"/><testcase classname="com.bestbuy.crudtest.ProductCRUDTest" name="Update the price of product and verify the updated information"/><testcase classname="com.bestbuy.crudtest.ProductCRUDTest" name="Delete the product and verify if the product is deleted"/></testsuite>