<?xml version="1.0" encoding="UTF-8"?><testsuite errors="0" failures="0" name="com.bestbuy.testsuite.ProductTest" skipped="0" tests="6" time="44.03" timestamp="2020-05-30T11:08:20.289+01:00[Europe/London]"><testcase classname="com.bestbuy.testsuite.ProductTest" name="Verify 'Not found' error message with invalid endpoint"/><testcase classname="com.bestbuy.testsuite.ProductTest" name="This test will get a specific product by Id"/><testcase classname="com.bestbuy.testsuite.ProductTest" name="This test will get all products information"/><testcase classname="com.bestbuy.testsuite.ProductTest" name="This test will delete the product by id"/><testcase classname="com.bestbuy.testsuite.ProductTest" name="This test will create a new product"/><testcase classname="com.bestbuy.testsuite.ProductTest" name="This test will update a name of an existing product"/></testsuite>